<?xml version="1.0" encoding="UTF-8"?>
<!-- Generated by org.testng.reporters.JUnitXMLReporter -->
<testsuite ignored="3" hostname="192.168.1.45" failures="0" tests="3" name="Default test" time="1.705" errors="0" timestamp="2023-04-13T17:41:02 IST">
  <testcase classname="com.login.functionality.LoginWithParametersFromTestNGxml" name="@BeforeMethod lauchChromeAndWebsite" time="-1.681387861796E9">
    <failure type="org.testng.TestNGException" message="
Parameter &amp;apos;browser&amp;apos; is required by BeforeMethod on method lauchChromeAndWebsite but has not been marked @Optional or defined
in /tmp/testng-eclipse-1459832436/testng-customsuite.xml">
      <![CDATA[org.testng.TestNGException: 
Parameter 'browser' is required by BeforeMethod on method lauchChromeAndWebsite but has not been marked @Optional or defined
in /tmp/testng-eclipse-1459832436/testng-customsuite.xml
at org.testng.internal.Parameters.createParams(Parameters.java:270)
at org.testng.internal.Parameters.createParametersForMethod(Parameters.java:358)
at org.testng.internal.Parameters.createParameters(Parameters.java:700)
at org.testng.internal.Parameters.createConfigurationParameters(Parameters.java:168)
at org.testng.internal.ConfigInvoker.invokeConfigurations(ConfigInvoker.java:302)
at org.testng.internal.TestInvoker.runConfigMethods(TestInvoker.java:700)
at org.testng.internal.TestInvoker.invokeMethod(TestInvoker.java:527)
at org.testng.internal.TestInvoker.invokeTestMethod(TestInvoker.java:173)
at org.testng.internal.MethodRunner.runInSequence(MethodRunner.java:46)
at org.testng.internal.TestInvoker$MethodInvocationAgent.invoke(TestInvoker.java:824)
at org.testng.internal.TestInvoker.invokeTestMethods(TestInvoker.java:146)
at org.testng.internal.TestMethodWorker.invokeTestMethods(TestMethodWorker.java:146)
at org.testng.internal.TestMethodWorker.run(TestMethodWorker.java:128)
at java.base/java.util.ArrayList.forEach(ArrayList.java:1511)
at org.testng.TestRunner.privateRun(TestRunner.java:794)
at org.testng.TestRunner.run(TestRunner.java:596)
at org.testng.SuiteRunner.runTest(SuiteRunner.java:377)
at org.testng.SuiteRunner.runSequentially(SuiteRunner.java:371)
at org.testng.SuiteRunner.privateRun(SuiteRunner.java:332)
at org.testng.SuiteRunner.run(SuiteRunner.java:276)
at org.testng.SuiteRunnerWorker.runSuite(SuiteRunnerWorker.java:53)
at org.testng.SuiteRunnerWorker.run(SuiteRunnerWorker.java:96)
at org.testng.TestNG.runSuitesSequentially(TestNG.java:1212)
at org.testng.TestNG.runSuitesLocally(TestNG.java:1134)
at org.testng.TestNG.runSuites(TestNG.java:1063)
at org.testng.TestNG.run(TestNG.java:1031)
at org.testng.remote.AbstractRemoteTestNG.run(AbstractRemoteTestNG.java:115)
at org.testng.remote.RemoteTestNG.initAndRun(RemoteTestNG.java:251)
at org.testng.remote.RemoteTestNG.main(RemoteTestNG.java:77)
]]>
    </failure>
  </testcase> <!-- @BeforeMethod lauchChromeAndWebsite -->
  <testcase classname="com.login.functionality.LoginWithParametersFromTestNGxml" name="@AfterMethod tearDown" time="-1.681387861839E9">
    <skipped/>
  </testcase> <!-- @AfterMethod tearDown -->
  <testcase classname="com.login.functionality.LoginWithParametersFromTestNGxml" name="@BeforeMethod lauchChromeAndWebsite" time="-1.681387861842E9">
    <skipped/>
  </testcase> <!-- @BeforeMethod lauchChromeAndWebsite -->
  <testcase classname="com.login.functionality.LoginWithParametersFromTestNGxml" name="@AfterMethod tearDown" time="-1.681387861854E9">
    <skipped/>
  </testcase> <!-- @AfterMethod tearDown -->
  <testcase classname="com.login.functionality.LoginWithParametersFromTestNGxml" name="@BeforeMethod lauchChromeAndWebsite" time="-1.681387861857E9">
    <skipped/>
  </testcase> <!-- @BeforeMethod lauchChromeAndWebsite -->
  <testcase classname="com.login.functionality.LoginWithParametersFromTestNGxml" name="@AfterMethod tearDown" time="-1.681387861881E9">
    <skipped/>
  </testcase> <!-- @AfterMethod tearDown -->
  <testcase classname="com.login.functionality.LoginWithParametersFromTestNGxml" name="enterValidUsernameAndPassword" time="0.0">
    <skipped/>
  </testcase> <!-- enterValidUsernameAndPassword -->
  <testcase classname="com.login.functionality.LoginWithParametersFromTestNGxml" name="enterValidUsernameAndPassword" time="0.0">
    <skipped/>
  </testcase> <!-- enterValidUsernameAndPassword -->
  <testcase classname="com.login.functionality.LoginWithParametersFromTestNGxml" name="enterValidUsernameAndPassword" time="0.0">
    <skipped/>
  </testcase> <!-- enterValidUsernameAndPassword -->
  <testcase classname="com.login.functionality.LoginWithParametersFromTestNGxml" name="enterInvalidUsernameInvalidPassword" time="0.0">
    <ignored/>
  </testcase> <!-- enterInvalidUsernameInvalidPassword -->
  <testcase classname="com.login.functionality.LoginWithParametersFromTestNGxml" name="enterValidUsernameInvalidPassword" time="0.0">
    <ignored/>
  </testcase> <!-- enterValidUsernameInvalidPassword -->
  <testcase classname="com.login.functionality.LoginWithParametersFromTestNGxml" name="enterInvalidUsernameValidPassword" time="0.0">
    <ignored/>
  </testcase> <!-- enterInvalidUsernameValidPassword -->
</testsuite> <!-- Default test -->
