<?xml version="1.0" encoding="UTF-8"?>
<!-- Generated by org.testng.reporters.JUnitXMLReporter -->
<testsuite ignored="3" hostname="192.168.1.55" failures="1" tests="4" name="selecting the browser from Testng.xml" time="28.427" errors="0" timestamp="2023-04-17T11:05:21 IST">
  <testcase classname="com.login.functionality.LoginWithParametersFromTestNGxml" name="enterValidUsernameAndPassword" time="1.321"/>
  <testcase classname="com.login.functionality.LoginWithParametersFromTestNGxml" name="enterValidUsernameAndPassword" time="1.072"/>
  <testcase classname="com.login.functionality.LoginWithParametersFromTestNGxml" name="enterValidUsernameAndPassword" time="6.114"/>
  <testcase classname="com.login.functionality.LoginWithParametersFromTestNGxml" name="enterValidUsernameAndPassword" time="5.708">
    <failure type="org.openqa.selenium.NoSuchElementException" message="no such element: Unable to locate element: {&amp;quot;method&amp;quot;:&amp;quot;css selector&amp;quot;,&amp;quot;selector&amp;quot;:&amp;quot;#react\-burger\-menu\-btn&amp;quot;}
  (Session info: chrome=112.0.5615.121)
For documentation on this error, please visit: https://selenium.dev/exceptions/#no_such_element
Build info: version: &amp;apos;4.8.3&amp;apos;, revision: &amp;apos;e5e76298c3&amp;apos;
System info: os.name: &amp;apos;Linux&amp;apos;, os.arch: &amp;apos;amd64&amp;apos;, os.version: &amp;apos;6.2.9-200.fc37.x86_64&amp;apos;, java.version: &amp;apos;17.0.6&amp;apos;
Driver info: org.openqa.selenium.chrome.ChromeDriver
Command: [aac39ce4c53f894aeec86d3b6ac2da48, findElement {using=id, value=react-burger-menu-btn}]
Capabilities {acceptInsecureCerts: false, browserName: chrome, browserVersion: 112.0.5615.121, chrome: {chromedriverVersion: 112.0.5615.49 (bd2a7bcb881c..., userDataDir: /tmp/.com.google.Chrome.qUb0k3}, goog:chromeOptions: {debuggerAddress: localhost:35159}, networkConnectionEnabled: false, pageLoadStrategy: normal, platformName: LINUX, proxy: Proxy(), se:cdp: ws://localhost:35159/devtoo..., se:cdpVersion: 112.0.5615.121, setWindowRect: true, strictFileInteractability: false, timeouts: {implicit: 0, pageLoad: 300000, script: 30000}, unhandledPromptBehavior: dismiss and notify, webauthn:extension:credBlob: true, webauthn:extension:largeBlob: true, webauthn:extension:minPinLength: true, webauthn:extension:prf: true, webauthn:virtualAuthenticators: true}
Session ID: aac39ce4c53f894aeec86d3b6ac2da48">
      <![CDATA[org.openqa.selenium.NoSuchElementException: no such element: Unable to locate element: {"method":"css selector","selector":"#react\-burger\-menu\-btn"}
  (Session info: chrome=112.0.5615.121)
For documentation on this error, please visit: https://selenium.dev/exceptions/#no_such_element
Build info: version: '4.8.3', revision: 'e5e76298c3'
System info: os.name: 'Linux', os.arch: 'amd64', os.version: '6.2.9-200.fc37.x86_64', java.version: '17.0.6'
Driver info: org.openqa.selenium.chrome.ChromeDriver
Command: [aac39ce4c53f894aeec86d3b6ac2da48, findElement {using=id, value=react-burger-menu-btn}]
Capabilities {acceptInsecureCerts: false, browserName: chrome, browserVersion: 112.0.5615.121, chrome: {chromedriverVersion: 112.0.5615.49 (bd2a7bcb881c..., userDataDir: /tmp/.com.google.Chrome.qUb0k3}, goog:chromeOptions: {debuggerAddress: localhost:35159}, networkConnectionEnabled: false, pageLoadStrategy: normal, platformName: LINUX, proxy: Proxy(), se:cdp: ws://localhost:35159/devtoo..., se:cdpVersion: 112.0.5615.121, setWindowRect: true, strictFileInteractability: false, timeouts: {implicit: 0, pageLoad: 300000, script: 30000}, unhandledPromptBehavior: dismiss and notify, webauthn:extension:credBlob: true, webauthn:extension:largeBlob: true, webauthn:extension:minPinLength: true, webauthn:extension:prf: true, webauthn:virtualAuthenticators: true}
Session ID: aac39ce4c53f894aeec86d3b6ac2da48
at org.openqa.selenium.remote.codec.w3c.W3CHttpResponseCodec.createException(W3CHttpResponseCodec.java:200)
at org.openqa.selenium.remote.codec.w3c.W3CHttpResponseCodec.decode(W3CHttpResponseCodec.java:133)
at org.openqa.selenium.remote.codec.w3c.W3CHttpResponseCodec.decode(W3CHttpResponseCodec.java:53)
at org.openqa.selenium.remote.HttpCommandExecutor.execute(HttpCommandExecutor.java:193)
at org.openqa.selenium.remote.service.DriverCommandExecutor.invokeExecute(DriverCommandExecutor.java:183)
at org.openqa.selenium.remote.service.DriverCommandExecutor.execute(DriverCommandExecutor.java:158)
at org.openqa.selenium.remote.RemoteWebDriver.execute(RemoteWebDriver.java:543)
at org.openqa.selenium.remote.ElementLocation$ElementFinder$2.findElement(ElementLocation.java:162)
at org.openqa.selenium.remote.ElementLocation.findElement(ElementLocation.java:66)
at org.openqa.selenium.remote.RemoteWebDriver.findElement(RemoteWebDriver.java:352)
at org.openqa.selenium.remote.RemoteWebDriver.findElement(RemoteWebDriver.java:344)
at com.login.functionality.LoginWithParametersFromTestNGxml.checkMenuReactButtonDisplayed(LoginWithParametersFromTestNGxml.java:59)
at com.login.functionality.LoginWithParametersFromTestNGxml.enterValidUsernameAndPassword(LoginWithParametersFromTestNGxml.java:113)
at java.base/java.util.ArrayList.forEach(ArrayList.java:1511)
... Removed 32 stack frames]]>
    </failure>
  </testcase> <!-- enterValidUsernameAndPassword -->
  <testcase classname="com.login.functionality.LoginWithParametersFromTestNGxml" name="enterInvalidUsernameInvalidPassword" time="0.0">
    <ignored/>
  </testcase> <!-- enterInvalidUsernameInvalidPassword -->
  <testcase classname="com.login.functionality.LoginWithParametersFromTestNGxml" name="enterValidUsernameInvalidPassword" time="0.0">
    <ignored/>
  </testcase> <!-- enterValidUsernameInvalidPassword -->
  <testcase classname="com.login.functionality.LoginWithParametersFromTestNGxml" name="enterInvalidUsernameValidPassword" time="0.0">
    <ignored/>
  </testcase> <!-- enterInvalidUsernameValidPassword -->
</testsuite> <!-- selecting the browser from Testng.xml -->
